Log started at 03/04/2026 16:27:32 (2026-03-04T21:27:32Z)
Resolved project argument D:/Profiles/mxf9125/Documents/GitHub/SpaceInvadersButMore/SpaceInvadersButMore/SpaceInvadersButMore.uproject to D:\Profiles\mxf9125\Documents\GitHub\SpaceInvadersButMore\SpaceInvadersButMore\SpaceInvadersButMore.uproject
No config file at C:\ProgramData\Unreal Engine\UnrealBuildTool\BuildConfiguration.xml
No config file at D:\Profiles\mxf9125\AppData\Local\Unreal Engine\UnrealBuildTool\BuildConfiguration.xml
No config file at D:\Profiles\mxf9125\Documents\Unreal Engine\UnrealBuildTool\BuildConfiguration.xml
Configuration will be read from:
  D:\Profiles\mxf9125\AppData\Roaming\Unreal Engine\UnrealBuildTool\BuildConfiguration.xml
Reading configuration file from: D:\Profiles\mxf9125\AppData\Roaming\Unreal Engine\UnrealBuildTool\BuildConfiguration.xml
Reading configuration file from: D:\Profiles\mxf9125\Documents\GitHub\SpaceInvadersButMore\SpaceInvadersButMore\Saved\UnrealBuildTool\BuildConfiguration.xml
Reading configuration file from: D:\Profiles\mxf9125\AppData\Local\UnrealEngine\Intermediate\Build\UnrealBuildTool.Env.BuildConfiguration.xml
Log file: D:\Profiles\mxf9125\Documents\GitHub\SpaceInvadersButMore\SpaceInvadersButMore\Saved\Logs\UnrealVersionSelector-2026.03.04-16.27.32.log

Setting temp directory to 'D:\Profiles\mxf9125\AppData\Local\Temp\UnrealBuildTool\ba822165'
    Registering build platform: UnrealBuildTool.AndroidPlatformFactory
Unable to find valid SDK(s) for Android:
  Found Sdk Version, MinRequired=r25b, MaxRequired=r29.
  Found AutoSdk Version, Required=r25b.
        Registering build platform: Android - buildable: False
    Registering build platform: UnrealBuildTool.IOSPlatformFactory
Unable to find valid SDK(s) for IOS:
  Found Sdk Version, MinRequired=1100.0.0.0, MaxRequired=8999.0.
  Found AutoSdk Version, Required=15.2.
        Registering build platform: IOS - buildable: False
    Registering build platform: UnrealBuildTool.LinuxPlatformFactory
Unable to find valid SDK(s) for Linux:
  Found Sdk Version, Required=v25_clang-18.1.0-rockylinux8.
  Found AutoSdk Version, Required=v25_clang-18.1.0-rockylinux8.
        Registering build platform: Linux - buildable: False
Unable to find valid SDK(s) for LinuxArm64:
  Found Sdk Version, Required=v25_clang-18.1.0-rockylinux8.
  Found AutoSdk Version, Required=v25_clang-18.1.0-rockylinux8.
        Registering build platform: LinuxArm64 - buildable: False
    Registering build platform: UnrealBuildTool.MacPlatformFactory
    Registering build platform: UnrealBuildTool.TVOSPlatformFactory
Unable to find valid SDK(s) for TVOS:
  Found Sdk Version, MinRequired=1100.0.0.0, MaxRequired=8999.0.
  Found AutoSdk Version, Required=15.2.
        Registering build platform: TVOS - buildable: False
    Registering build platform: UnrealBuildTool.WindowsPlatformFactory
Found Windows 10 SDK root at C:\Program Files (x86)\Windows Kits\10 (1)
Found Windows 10 SDK root at C:\Program Files (x86)\Windows Kits\10 (2)
Found Windows 10 SDK version 10.0.26100.0 at C:\Program Files (x86)\Windows Kits\10
Found Universal CRT version 10.0.26100.0 at C:\Program Files (x86)\Windows Kits\10
Win64 Installed SDK(s): MinVersion_Sdk=10.0.19041.0, MaxVersion_Sdk=10.9.99999.0, CurrentVersion_Sdk=10.0.26100.0, Version_AutoSdk=10.0.22621.0, CurrentVersion_AutoSdk=
        Registering build platform: Win64 - buildable: True
    Registering build platform: UnrealBuildTool.VisionOSPlatformFactory
Resolved project argument D:/Profiles/mxf9125/Documents/GitHub/SpaceInvadersButMore/SpaceInvadersButMore/SpaceInvadersButMore.uproject to D:\Profiles\mxf9125\Documents\GitHub\SpaceInvadersButMore\SpaceInvadersButMore\SpaceInvadersButMore.uproject
Reading configuration file from cache (D:\Profiles\mxf9125\Documents\GitHub\SpaceInvadersButMore\SpaceInvadersButMore\Intermediate\Build\XmlConfigCache.bin): D:\Profiles\mxf9125\AppData\Roaming\Unreal Engine\UnrealBuildTool\BuildConfiguration.xml
Reading configuration file from cache (D:\Profiles\mxf9125\Documents\GitHub\SpaceInvadersButMore\SpaceInvadersButMore\Intermediate\Build\XmlConfigCache.bin): D:\Profiles\mxf9125\Documents\GitHub\SpaceInvadersButMore\SpaceInvadersButMore\Saved\UnrealBuildTool\BuildConfiguration.xml
Reading configuration file from cache (D:\Profiles\mxf9125\Documents\GitHub\SpaceInvadersButMore\SpaceInvadersButMore\Intermediate\Build\XmlConfigCache.bin): D:\Profiles\mxf9125\AppData\Local\UnrealEngine\Intermediate\Build\UnrealBuildTool.Env.BuildConfiguration.xml
Registering project generator UnrealBuildTool.AndroidProjectGenerator for Android
Registering project generator UnrealBuildTool.IOSProjectGenerator for IOS
Registering project generator UnrealBuildTool.LinuxProjectGenerator for Linux
Registering project generator UnrealBuildTool.LinuxProjectGenerator for LinuxArm64
Registering project generator UnrealBuildTool.MacProjectGenerator for Mac
Skipping project file generator registration for Mac due to no valid BuildPlatform.
Registering project generator UnrealBuildTool.TVOSProjectGenerator for TVOS
Registering project generator UnrealBuildTool.WindowsProjectGenerator for Win64
Registering project generator UnrealBuildTool.VisionOSProjectGenerator for VisionOS
Skipping project file generator registration for VisionOS due to no valid BuildPlatform.

---   SDK INFO START   ---

Some Platforms were skipped due to invalid SDK setup: IOS, Android, Linux, LinuxArm64, TVOS.
See the log file for detailed information

---   SDK INFO END   ---


Generating VisualStudio project files:
Discovering modules, targets and source code for project...
Unhandled exception: UnauthorizedAccessException: Access to the path 'C:\Program Files\Epic Games\5.6\Engine\Intermediate\ProjectFiles' is denied.
   at System.IO.FileSystem.CreateDirectory(String fullPath, Byte[] securityDescriptor)
   at System.IO.Directory.CreateDirectory(String path)
   at EpicGames.Core.DirectoryReference.CreateDirectory(DirectoryReference location) in D:\build\++UE5\Sync\Engine\Source\Programs\Shared\EpicGames.Core\DirectoryReference.cs:line 326
   at UnrealBuildTool.Utils.WriteFileIfChanged(FileItem FileItem, String Contents, StringComparison Comparison, ILogger Logger) in D:\build\++UE5\Sync\Engine\Source\Programs\UnrealBuildTool\System\Utils.cs:line 1882
   at UnrealBuildTool.Utils.WriteFileIfChanged(FileReference Location, String Contents, StringComparison Comparison, ILogger Logger) in D:\build\++UE5\Sync\Engine\Source\Programs\UnrealBuildTool\System\Utils.cs:line 1705
   at UnrealBuildTool.Utils.WriteFileIfChanged(FileReference Location, String Contents, ILogger Logger) in D:\build\++UE5\Sync\Engine\Source\Programs\UnrealBuildTool\System\Utils.cs:line 1693
   at UnrealBuildTool.ProjectFileGenerator.GenerateProjectFiles(PlatformProjectGeneratorCollection PlatformProjectGenerators, String[] Arguments, ILogger Logger) in D:\build\++UE5\Sync\Engine\Source\Programs\UnrealBuildTool\ProjectFiles\ProjectFileGenerator.cs:line 1010
   at UnrealBuildTool.ProjectFileGenerator.GenerateProjectFiles(PlatformProjectGeneratorCollection PlatformProjectGenerators, String[] Arguments, Boolean bCacheDataForEditor, ILogger Logger) in D:\build\++UE5\Sync\Engine\Source\Programs\UnrealBuildTool\ProjectFiles\ProjectFileGenerator.cs:line 903
   at UnrealBuildTool.GenerateProjectFilesMode.ExecuteAsync(CommandLineArguments Arguments, ILogger Logger) in D:\build\++UE5\Sync\Engine\Source\Programs\UnrealBuildTool\Modes\GenerateProjectFilesMode.cs:line 268
   at UnrealBuildTool.UnrealBuildTool.Main(String[] ArgumentsArray) in D:\build\++UE5\Sync\Engine\Source\Programs\UnrealBuildTool\UnrealBuildTool.cs:line 653
WriteFileIfChanged() wrote 0 changed files of 2 requested writes.

Timeline:
[  0.000]  +0.370 Main
   0.114          [  0.113]  +0.106 Apply XmlConfig
   0.261          [  0.260]  +0.107 RegisterPlatforms
[  0.370]  +3.954 GenerateProjectFilesMode
   0.370          [  0.000]  +3.949 <unknown>
   4.320          [  3.949]  +0.005 Generating VisualStudio project files
[  4.424]  +0.000 TelemetryService.FlushEvents
[  4.426]

Result: Failed (OtherCompilationError)
Total execution time: 4.43 seconds
